<?xml version="1.0" encoding="utf-8"?><testsuites name="pytest tests"><testsuite name="pytest" errors="0" failures="0" skipped="0" tests="20" time="4.465" timestamp="2026-03-11T18:33:54.949217+00:00" hostname="agent-env-007edc93-b02f-4ac7-ab3a-8c1703802e5f"><testcase classname="backend.tests.test_api.TestAPIHealth" name="test_api_health" time="0.325" /><testcase classname="backend.tests.test_api.TestAPIHealth" name="test_api_root" time="0.173" /><testcase classname="backend.tests.test_api.TestGalleryEndpoints" name="test_get_all_gallery_images" time="0.156" /><testcase classname="backend.tests.test_api.TestGalleryEndpoints" name="test_get_gallery_images_cad_filter" time="0.120" /><testcase classname="backend.tests.test_api.TestGalleryEndpoints" name="test_get_gallery_images_rendering_filter" time="0.162" /><testcase classname="backend.tests.test_api.TestGalleryEndpoints" name="test_gallery_image_has_required_fields" time="0.173" /><testcase classname="backend.tests.test_api.TestGalleryEndpoints" name="test_get_specific_gallery_image" time="0.245" /><testcase classname="backend.tests.test_api.TestGalleryEndpoints" name="test_get_nonexistent_gallery_image_returns_404" time="0.132" /><testcase classname="backend.tests.test_api.TestAdminGallery" name="test_admin_create_gallery_image" time="0.270" /><testcase classname="backend.tests.test_api.TestAdminGallery" name="test_admin_update_gallery_image" time="0.374" /><testcase classname="backend.tests.test_api.TestAdminGallery" name="test_admin_delete_gallery_image" time="0.354" /><testcase classname="backend.tests.test_api.TestAdminGallery" name="test_admin_gallery_requires_auth" time="0.133" /><testcase classname="backend.tests.test_api.TestAdminGallery" name="test_admin_wrong_credentials_rejected" time="0.159" /><testcase classname="backend.tests.test_api.TestContactEndpoints" name="test_create_contact_submission" time="0.290" /><testcase classname="backend.tests.test_api.TestContactEndpoints" name="test_contact_submission_persists" time="0.446" /><testcase classname="backend.tests.test_api.TestContactEndpoints" name="test_contact_has_required_fields" time="0.236" /><testcase classname="backend.tests.test_api.TestContactEndpoints" name="test_contact_invalid_email_rejected" time="0.113" /><testcase classname="backend.tests.test_api.TestContactEndpoints" name="test_admin_can_get_contacts" time="0.124" /><testcase classname="backend.tests.test_api.TestContactEndpoints" name="test_admin_can_mark_contact_read" time="0.287" /><testcase classname="backend.tests.test_api.TestContactEndpoints" name="test_contacts_require_auth" time="0.151" /></testsuite></testsuites>