<?xml version="1.0" encoding="utf-8"?><testsuites name="pytest tests"><testsuite name="pytest" errors="0" failures="0" skipped="0" tests="20" time="5.298" timestamp="2026-03-11T18:51:33.545659+00:00" hostname="agent-env-007edc93-b02f-4ac7-ab3a-8c1703802e5f"><testcase classname="backend.tests.test_api.TestAPIHealth" name="test_api_health" time="0.173" /><testcase classname="backend.tests.test_api.TestAPIHealth" name="test_api_root" time="0.121" /><testcase classname="backend.tests.test_api.TestGalleryEndpoints" name="test_get_all_gallery_images" time="0.157" /><testcase classname="backend.tests.test_api.TestGalleryEndpoints" name="test_get_gallery_images_cad_filter" time="0.141" /><testcase classname="backend.tests.test_api.TestGalleryEndpoints" name="test_get_gallery_images_rendering_filter" time="0.180" /><testcase classname="backend.tests.test_api.TestGalleryEndpoints" name="test_gallery_image_has_required_fields" time="0.108" /><testcase classname="backend.tests.test_api.TestGalleryEndpoints" name="test_get_specific_gallery_image" time="0.234" /><testcase classname="backend.tests.test_api.TestGalleryEndpoints" name="test_get_nonexistent_gallery_image_returns_404" time="0.118" /><testcase classname="backend.tests.test_api.TestAdminGallery" name="test_admin_create_gallery_image" time="0.265" /><testcase classname="backend.tests.test_api.TestAdminGallery" name="test_admin_update_gallery_image" time="0.357" /><testcase classname="backend.tests.test_api.TestAdminGallery" name="test_admin_delete_gallery_image" time="0.301" /><testcase classname="backend.tests.test_api.TestAdminGallery" name="test_admin_gallery_requires_auth" time="0.120" /><testcase classname="backend.tests.test_api.TestAdminGallery" name="test_admin_wrong_credentials_rejected" time="0.120" /><testcase classname="backend.tests.test_api.TestContactEndpoints" name="test_create_contact_submission" time="0.663" /><testcase classname="backend.tests.test_api.TestContactEndpoints" name="test_contact_submission_persists" time="0.897" /><testcase classname="backend.tests.test_api.TestContactEndpoints" name="test_contact_has_required_fields" time="0.436" /><testcase classname="backend.tests.test_api.TestContactEndpoints" name="test_contact_invalid_email_rejected" time="0.115" /><testcase classname="backend.tests.test_api.TestContactEndpoints" name="test_admin_can_get_contacts" time="0.462" /><testcase classname="backend.tests.test_api.TestContactEndpoints" name="test_admin_mark_contact_read_not_supported" time="0.129" /><testcase classname="backend.tests.test_api.TestContactEndpoints" name="test_contacts_require_auth" time="0.156" /></testsuite></testsuites>